Построение начато 19.09.2023 19:11:12.
     1>Проект "C:\Users\Duxah\Desktop\Duxah\FreePcbDoc\FreePCBDev\Schematic Constructor\fontedit\FontManager.vcxproj" в узле 2 (целевые объекты build).
     1>InitializeBuildStatus:
         Создание ".\Debug\FontManager.unsuccessfulbuild", так как было задано "AlwaysCreate".
       ClCompile:
         Для всех выходных данных обновления не требуется.
         c:\Program Files\Microsoft Visual Studio 10.0\VC\bin\CL.exe /c /ZI /nologo /W3 /WX- /Od /Oy- /D WIN32 /D _DEBUG /D _WINDOWS /D _VC80_UPGRADE=0x0600 /D _AFXDLL /Gm /EHsc /MDd /GS /Gy- /fp:precise /Zc:wchar_t /Zc:forScope /Yu"stdafx.h" /Fp".\Debug\FontManager.pch" /Fo".\Debug\\" /Fd".\Debug\vc100.pdb" /Gd /TP /analyze- /errorReport:prompt FontManagerView.cpp
         FontManagerView.cpp
     1>c:\users\duxah\desktop\duxah\freepcbdoc\freepcbdev\schematic constructor\fontedit\fontmanagerview.cpp(128): warning C4996: 'itoa': The POSIX name for this item is deprecated. Instead, use the ISO C++ conformant name: _itoa. See online help for details.
                 c:\program files\microsoft visual studio 10.0\vc\include\stdlib.h(867): см. объявление "itoa"
     1>c:\users\duxah\desktop\duxah\freepcbdoc\freepcbdev\schematic constructor\fontedit\fontmanagerview.cpp(176): warning C4996: 'itoa': The POSIX name for this item is deprecated. Instead, use the ISO C++ conformant name: _itoa. See online help for details.
                 c:\program files\microsoft visual studio 10.0\vc\include\stdlib.h(867): см. объявление "itoa"
     1>c:\users\duxah\desktop\duxah\freepcbdoc\freepcbdev\schematic constructor\fontedit\fontmanagerview.cpp(241): warning C4996: 'itoa': The POSIX name for this item is deprecated. Instead, use the ISO C++ conformant name: _itoa. See online help for details.
                 c:\program files\microsoft visual studio 10.0\vc\include\stdlib.h(867): см. объявление "itoa"
       ResourceCompile:
         Для всех выходных данных обновления не требуется.
       ManifestResourceCompile:
         Для всех выходных данных обновления не требуется.
       Link:
         c:\Program Files\Microsoft Visual Studio 10.0\VC\bin\link.exe /ERRORREPORT:PROMPT /OUT:"Debug/FontManager.exe" /INCREMENTAL /NOLOGO /MANIFEST /ManifestFile:".\Debug\FontManager.exe.intermediate.manifest" /MANIFESTUAC:"level='asInvoker' uiAccess='false'" /DEBUG /PDB:"C:\Users\Duxah\Desktop\Duxah\FreePcbDoc\FreePCBDev\Schematic Constructor\fontedit\Debug\FontManager.pdb" /SUBSYSTEM:WINDOWS /TLBID:1 /DYNAMICBASE /NXCOMPAT /IMPLIB:".\Debug\FontManager.lib" /MACHINE:X86 .\Debug\FontManager.res
         .\Debug\FontManager.exe.embed.manifest.res
         .\Debug\CharEditDlg.obj
         .\Debug\FontManager.obj
         .\Debug\FontManagerDoc.obj
         .\Debug\FontManagerView.obj
         .\Debug\MainFrm.obj
         .\Debug\smcharacter.obj
         .\Debug\smfontutil.obj
         .\Debug\StdAfx.obj
       Manifest:
         c:\Program Files\Microsoft SDKs\Windows\v7.0A\bin\mt.exe /nologo /verbose /out:".\Debug\FontManager.exe.embed.manifest" /manifest .\Debug\FontManager.exe.intermediate.manifest "c:\Program Files\Microsoft Visual Studio 10.0\VC\Include\Manifest\dpiaware.manifest"
         Для всех выходных данных обновления не требуется.
       LinkEmbedManifest:
         Для всех выходных данных обновления не требуется.
         FontManager.vcxproj -> C:\Users\Duxah\Desktop\Duxah\FreePcbDoc\FreePCBDev\Schematic Constructor\fontedit\.\Debug\FontManager.exe
       FinalizeBuildStatus:
         Файл ".\Debug\FontManager.unsuccessfulbuild" удаляется.
         Обращение к ".\Debug\FontManager.lastbuildstate".
     1>Построение проекта "C:\Users\Duxah\Desktop\Duxah\FreePcbDoc\FreePCBDev\Schematic Constructor\fontedit\FontManager.vcxproj" завершено (целевые объекты build).

Построение успешно завершено.

Затраченное время: 00:00:03.59
