.\Debug\FontManager.ilk
.\Debug\FontManager.pdb
C:\FREEASY\FONTEDIT\DEBUG\CHAREDITDLG.OBJ
C:\FREEASY\FONTEDIT\DEBUG\FONTMANAGER.EXE
C:\FREEASY\FONTEDIT\DEBUG\FONTMANAGER.EXE.EMBED.MANIFEST
C:\FREEASY\FONTEDIT\DEBUG\FONTMANAGER.EXE.EMBED.MANIFEST.RES
C:\FREEASY\FONTEDIT\DEBUG\FONTMANAGER.EXE.INTERMEDIATE.MANIFEST
C:\FREEASY\FONTEDIT\DEBUG\FONTMANAGER.ILK
C:\FREEASY\FONTEDIT\DEBUG\FONTMANAGER.OBJ
C:\FREEASY\FONTEDIT\DEBUG\FONTMANAGER.PCH
C:\FREEASY\FONTEDIT\DEBUG\FONTMANAGER.PDB
C:\FREEASY\FONTEDIT\DEBUG\FONTMANAGER.RES
C:\FREEASY\FONTEDIT\DEBUG\FONTMANAGERDOC.OBJ
C:\FREEASY\FONTEDIT\DEBUG\FONTMANAGERVIEW.OBJ
C:\FREEASY\FONTEDIT\DEBUG\MAINFRM.OBJ
C:\FREEASY\FONTEDIT\DEBUG\SMCHARACTER.OBJ
C:\FREEASY\FONTEDIT\DEBUG\SMFONTUTIL.OBJ
C:\FREEASY\FONTEDIT\DEBUG\STDAFX.OBJ
C:\FREEASY\FONTEDIT\DEBUG\VC100.PDB
C:\FREEPCBDEV\SCHEMATIC CONSTRUCTOR\FONTEDIT\DEBUG\CHAREDITDLG.OBJ
C:\FREEPCBDEV\SCHEMATIC CONSTRUCTOR\FONTEDIT\DEBUG\FONTMANAGER.EXE
C:\FREEPCBDEV\SCHEMATIC CONSTRUCTOR\FONTEDIT\DEBUG\FONTMANAGER.EXE.EMBED.MANIFEST.RES
C:\FREEPCBDEV\SCHEMATIC CONSTRUCTOR\FONTEDIT\DEBUG\FONTMANAGER.EXE.INTERMEDIATE.MANIFEST
C:\FREEPCBDEV\SCHEMATIC CONSTRUCTOR\FONTEDIT\DEBUG\FONTMANAGER.ILK
C:\FREEPCBDEV\SCHEMATIC CONSTRUCTOR\FONTEDIT\DEBUG\FONTMANAGER.OBJ
C:\FREEPCBDEV\SCHEMATIC CONSTRUCTOR\FONTEDIT\DEBUG\FONTMANAGER.PCH
C:\FREEPCBDEV\SCHEMATIC CONSTRUCTOR\FONTEDIT\DEBUG\FONTMANAGER.PDB
C:\FREEPCBDEV\SCHEMATIC CONSTRUCTOR\FONTEDIT\DEBUG\FONTMANAGER.RES
C:\FREEPCBDEV\SCHEMATIC CONSTRUCTOR\FONTEDIT\DEBUG\FONTMANAGERDOC.OBJ
C:\FREEPCBDEV\SCHEMATIC CONSTRUCTOR\FONTEDIT\DEBUG\FONTMANAGERVIEW.OBJ
C:\FREEPCBDEV\SCHEMATIC CONSTRUCTOR\FONTEDIT\DEBUG\MAINFRM.OBJ
C:\FREEPCBDEV\SCHEMATIC CONSTRUCTOR\FONTEDIT\DEBUG\SMCHARACTER.OBJ
C:\FREEPCBDEV\SCHEMATIC CONSTRUCTOR\FONTEDIT\DEBUG\SMFONTUTIL.OBJ
C:\FREEPCBDEV\SCHEMATIC CONSTRUCTOR\FONTEDIT\DEBUG\STDAFX.OBJ
C:\FREEPCBDEV\SCHEMATIC CONSTRUCTOR\FONTEDIT\DEBUG\VC100.PDB
C:\Users\Duxah\Desktop\Duxah\FreePcbDoc\FreePCBDev\Schematic Constructor\fontedit\.\Debug\FontManager.exe
C:\Users\Duxah\Desktop\Duxah\FreePcbDoc\FreePCBDev\Schematic Constructor\fontedit\.\Debug\FontManager.exe.intermediate.manifest
C:\USERS\DUXAH\DESKTOP\DUXAH\FREEPCBDOC\FREEPCBDEV\SCHEMATIC CONSTRUCTOR\FONTEDIT\DEBUG\CHAREDITDLG.OBJ
C:\Users\Duxah\Desktop\Duxah\FreePcbDoc\FreePCBDev\Schematic Constructor\fontedit\Debug\cl.command.1.tlog
C:\Users\Duxah\Desktop\Duxah\FreePcbDoc\FreePCBDev\Schematic Constructor\fontedit\Debug\CL.read.1.tlog
C:\Users\Duxah\Desktop\Duxah\FreePcbDoc\FreePCBDev\Schematic Constructor\fontedit\Debug\CL.write.1.tlog
C:\USERS\DUXAH\DESKTOP\DUXAH\FREEPCBDOC\FREEPCBDEV\SCHEMATIC CONSTRUCTOR\FONTEDIT\DEBUG\FONTMANAGER.EXE
C:\Users\Duxah\Desktop\Duxah\FreePcbDoc\FreePCBDev\Schematic Constructor\fontedit\Debug\FontManager.exe.embed.manifest
C:\USERS\DUXAH\DESKTOP\DUXAH\FREEPCBDOC\FREEPCBDEV\SCHEMATIC CONSTRUCTOR\FONTEDIT\DEBUG\FONTMANAGER.EXE.EMBED.MANIFEST.RES
C:\USERS\DUXAH\DESKTOP\DUXAH\FREEPCBDOC\FREEPCBDEV\SCHEMATIC CONSTRUCTOR\FONTEDIT\DEBUG\FONTMANAGER.EXE.INTERMEDIATE.MANIFEST
C:\USERS\DUXAH\DESKTOP\DUXAH\FREEPCBDOC\FREEPCBDEV\SCHEMATIC CONSTRUCTOR\FONTEDIT\DEBUG\FONTMANAGER.ILK
C:\USERS\DUXAH\DESKTOP\DUXAH\FREEPCBDOC\FREEPCBDEV\SCHEMATIC CONSTRUCTOR\FONTEDIT\DEBUG\FONTMANAGER.OBJ
C:\USERS\DUXAH\DESKTOP\DUXAH\FREEPCBDOC\FREEPCBDEV\SCHEMATIC CONSTRUCTOR\FONTEDIT\DEBUG\FONTMANAGER.PCH
C:\USERS\DUXAH\DESKTOP\DUXAH\FREEPCBDOC\FREEPCBDEV\SCHEMATIC CONSTRUCTOR\FONTEDIT\DEBUG\FONTMANAGER.PDB
C:\USERS\DUXAH\DESKTOP\DUXAH\FREEPCBDOC\FREEPCBDEV\SCHEMATIC CONSTRUCTOR\FONTEDIT\DEBUG\FONTMANAGER.RES
C:\Users\Duxah\Desktop\Duxah\FreePcbDoc\FreePCBDev\Schematic Constructor\fontedit\Debug\FontManager.vcxprojResolveAssemblyReference.cache
C:\Users\Duxah\Desktop\Duxah\FreePcbDoc\FreePCBDev\Schematic Constructor\fontedit\Debug\FontManager.write.1.tlog
C:\Users\Duxah\Desktop\Duxah\FreePcbDoc\FreePCBDev\Schematic Constructor\fontedit\Debug\FontManager_manifest.rc
C:\Users\Duxah\Desktop\Duxah\FreePcbDoc\FreePCBDev\Schematic Constructor\fontedit\Debug\FontManagerD.ilk
C:\USERS\DUXAH\DESKTOP\DUXAH\FREEPCBDOC\FREEPCBDEV\SCHEMATIC CONSTRUCTOR\FONTEDIT\DEBUG\FONTMANAGERDOC.OBJ
C:\USERS\DUXAH\DESKTOP\DUXAH\FREEPCBDOC\FREEPCBDEV\SCHEMATIC CONSTRUCTOR\FONTEDIT\DEBUG\FONTMANAGERVIEW.OBJ
C:\Users\Duxah\Desktop\Duxah\FreePcbDoc\FreePCBDev\Schematic Constructor\fontedit\Debug\link.2240.read.1.tlog
C:\Users\Duxah\Desktop\Duxah\FreePcbDoc\FreePCBDev\Schematic Constructor\fontedit\Debug\link.2240.write.1.tlog
C:\Users\Duxah\Desktop\Duxah\FreePcbDoc\FreePCBDev\Schematic Constructor\fontedit\Debug\link.2240-cvtres.read.1.tlog
C:\Users\Duxah\Desktop\Duxah\FreePcbDoc\FreePCBDev\Schematic Constructor\fontedit\Debug\link.2240-cvtres.write.1.tlog
C:\Users\Duxah\Desktop\Duxah\FreePcbDoc\FreePCBDev\Schematic Constructor\fontedit\Debug\link.4336.read.1.tlog
C:\Users\Duxah\Desktop\Duxah\FreePcbDoc\FreePCBDev\Schematic Constructor\fontedit\Debug\link.4336.write.1.tlog
C:\Users\Duxah\Desktop\Duxah\FreePcbDoc\FreePCBDev\Schematic Constructor\fontedit\Debug\link.4336-cvtres.read.1.tlog
C:\Users\Duxah\Desktop\Duxah\FreePcbDoc\FreePCBDev\Schematic Constructor\fontedit\Debug\link.4336-cvtres.write.1.tlog
C:\Users\Duxah\Desktop\Duxah\FreePcbDoc\FreePCBDev\Schematic Constructor\fontedit\Debug\link.7532.read.1.tlog
C:\Users\Duxah\Desktop\Duxah\FreePcbDoc\FreePCBDev\Schematic Constructor\fontedit\Debug\link.7532.write.1.tlog
C:\Users\Duxah\Desktop\Duxah\FreePcbDoc\FreePCBDev\Schematic Constructor\fontedit\Debug\link.7532-cvtres.read.1.tlog
C:\Users\Duxah\Desktop\Duxah\FreePcbDoc\FreePCBDev\Schematic Constructor\fontedit\Debug\link.7532-cvtres.write.1.tlog
C:\Users\Duxah\Desktop\Duxah\FreePcbDoc\FreePCBDev\Schematic Constructor\fontedit\Debug\link.command.1.tlog
C:\Users\Duxah\Desktop\Duxah\FreePcbDoc\FreePCBDev\Schematic Constructor\fontedit\Debug\link.read.1.tlog
C:\Users\Duxah\Desktop\Duxah\FreePcbDoc\FreePCBDev\Schematic Constructor\fontedit\Debug\link.write.1.tlog
C:\Users\Duxah\Desktop\Duxah\FreePcbDoc\FreePCBDev\Schematic Constructor\fontedit\Debug\link-cvtres.read.1.tlog
C:\Users\Duxah\Desktop\Duxah\FreePcbDoc\FreePCBDev\Schematic Constructor\fontedit\Debug\link-cvtres.write.1.tlog
C:\USERS\DUXAH\DESKTOP\DUXAH\FREEPCBDOC\FREEPCBDEV\SCHEMATIC CONSTRUCTOR\FONTEDIT\DEBUG\MAINFRM.OBJ
C:\Users\Duxah\Desktop\Duxah\FreePcbDoc\FreePCBDev\Schematic Constructor\fontedit\Debug\mt.command.1.tlog
C:\Users\Duxah\Desktop\Duxah\FreePcbDoc\FreePCBDev\Schematic Constructor\fontedit\Debug\mt.read.1.tlog
C:\Users\Duxah\Desktop\Duxah\FreePcbDoc\FreePCBDev\Schematic Constructor\fontedit\Debug\mt.write.1.tlog
C:\Users\Duxah\Desktop\Duxah\FreePcbDoc\FreePCBDev\Schematic Constructor\fontedit\Debug\rc.command.1.tlog
C:\Users\Duxah\Desktop\Duxah\FreePcbDoc\FreePCBDev\Schematic Constructor\fontedit\Debug\rc.read.1.tlog
C:\Users\Duxah\Desktop\Duxah\FreePcbDoc\FreePCBDev\Schematic Constructor\fontedit\Debug\rc.write.1.tlog
C:\USERS\DUXAH\DESKTOP\DUXAH\FREEPCBDOC\FREEPCBDEV\SCHEMATIC CONSTRUCTOR\FONTEDIT\DEBUG\SMCHARACTER.OBJ
C:\USERS\DUXAH\DESKTOP\DUXAH\FREEPCBDOC\FREEPCBDEV\SCHEMATIC CONSTRUCTOR\FONTEDIT\DEBUG\SMFONTUTIL.OBJ
C:\USERS\DUXAH\DESKTOP\DUXAH\FREEPCBDOC\FREEPCBDEV\SCHEMATIC CONSTRUCTOR\FONTEDIT\DEBUG\STDAFX.OBJ
C:\Users\Duxah\Desktop\Duxah\FreePcbDoc\FreePCBDev\Schematic Constructor\fontedit\Debug\vc100.idb
C:\USERS\DUXAH\DESKTOP\DUXAH\FREEPCBDOC\FREEPCBDEV\SCHEMATIC CONSTRUCTOR\FONTEDIT\DEBUG\VC100.PDB
